SF:lib/blocs/location_bloc/location_event.dart
DA:4,11
DA:6,0
DA:7,0
DA:11,8
DA:19,6
DA:25,0
DA:27,0
LF:7
LH:3
end_of_record
SF:lib/blocs/location_bloc/location_bloc.dart
DA:16,5
DA:18,5
DA:19,10
DA:20,10
DA:23,5
DA:25,15
DA:26,10
DA:30,4
DA:32,12
DA:33,4
DA:34,4
DA:35,4
DA:36,4
DA:37,4
DA:38,12
DA:40,4
DA:41,3
DA:42,9
LF:18
LH:18
end_of_record
SF:lib/blocs/location_bloc/location_state.dart
DA:5,11
DA:22,5
DA:30,5
DA:31,5
DA:32,5
DA:33,5
DA:34,4
DA:35,5
DA:36,5
DA:40,5
DA:41,5
DA:42,5
DA:43,5
DA:44,5
DA:45,5
DA:46,5
DA:47,5
LF:17
LH:17
end_of_record
SF:lib/blocs/province_search_bloc/province_search_event.dart
DA:4,3
DA:10,3
DA:12,0
DA:13,0
LF:4
LH:2
end_of_record
SF:lib/blocs/province_search_bloc/province_search_bloc.dart
DA:12,6
DA:13,6
DA:16,3
DA:18,12
LF:4
LH:4
end_of_record
SF:lib/blocs/province_search_bloc/province_search_state.dart
DA:7,9
DA:9,3
DA:10,6
DA:12,3
DA:15,3
DA:16,0
LF:6
LH:5
end_of_record
SF:lib/models/amphure.dart
DA:6,8
LF:1
LH:1
end_of_record
SF:lib/models/province.dart
DA:5,8
LF:1
LH:1
end_of_record
SF:lib/models/tombon.dart
DA:7,8
LF:1
LH:1
end_of_record
SF:lib/repositories/location_repository.dart
DA:9,1
DA:11,2
DA:12,3
DA:13,1
DA:15,2
DA:16,1
DA:17,1
DA:18,2
DA:19,1
DA:25,0
DA:30,1
DA:32,2
DA:33,3
DA:34,1
DA:35,2
DA:36,1
DA:37,1
DA:38,2
DA:39,1
DA:40,2
DA:45,4
DA:46,1
DA:48,0
DA:53,1
DA:55,2
DA:56,3
DA:57,1
DA:59,2
DA:60,1
DA:61,1
DA:62,2
DA:63,1
DA:64,2
DA:65,2
DA:70,4
DA:71,1
DA:73,0
LF:37
LH:34
end_of_record
SF:lib/config/app_route.dart
DA:6,4
DA:7,4
DA:8,4
DA:9,0
DA:10,4
DA:11,1
DA:12,3
DA:13,1
DA:14,2
DA:15,1
DA:17,1
LF:11
LH:10
end_of_record
SF:lib/main.dart
DA:13,0
DA:14,0
DA:15,0
DA:16,0
DA:22,1
DA:24,1
DA:26,1
DA:27,0
DA:28,1
DA:29,1
DA:30,1
DA:31,3
DA:32,1
DA:34,1
DA:35,2
DA:45,4
DA:49,1
DA:51,1
DA:52,2
DA:54,1
LF:20
LH:15
end_of_record
SF:lib/blocs/bloc_observer.dart
DA:4,0
DA:6,0
DA:7,0
LF:3
LH:0
end_of_record
SF:lib/config/theme.dart
DA:3,1
DA:4,1
DA:7,1
DA:8,1
LF:4
LH:4
end_of_record
SF:lib/screens/amphure_screen.dart
DA:9,5
DA:13,1
DA:14,1
DA:16,1
DA:20,2
DA:22,2
DA:23,2
DA:26,2
DA:27,2
DA:30,4
DA:32,0
DA:33,0
DA:37,2
DA:38,2
DA:40,2
DA:41,2
DA:42,2
DA:43,4
DA:44,2
DA:45,4
DA:47,4
DA:48,2
DA:51,8
DA:53,1
DA:54,2
DA:55,1
DA:56,2
DA:59,1
DA:63,0
DA:70,1
DA:71,1
DA:72,2
LF:32
LH:29
end_of_record
SF:lib/screens/home_screen.dart
DA:6,8
DA:10,1
DA:11,1
DA:13,1
DA:17,2
DA:19,2
DA:20,2
DA:26,2
LF:8
LH:8
end_of_record
SF:lib/screens/province_screen.dart
DA:10,5
DA:14,1
DA:15,1
DA:17,1
DA:21,2
DA:22,2
DA:26,2
DA:28,2
DA:29,2
DA:32,2
DA:33,2
DA:36,4
DA:38,0
DA:39,0
DA:43,2
DA:44,2
DA:48,2
DA:49,2
DA:50,1
DA:51,3
DA:52,2
DA:53,2
DA:54,2
DA:55,2
DA:56,4
DA:57,6
DA:58,2
DA:59,2
DA:60,2
DA:61,2
DA:63,4
DA:64,2
DA:68,6
DA:70,1
DA:71,2
DA:72,2
DA:73,1
DA:74,1
DA:77,1
DA:81,0
LF:40
LH:37
end_of_record
SF:lib/screens/tambon_screen.dart
DA:10,5
DA:14,1
DA:15,1
DA:17,1
DA:21,2
DA:23,2
DA:24,2
DA:27,2
DA:28,2
DA:31,4
DA:33,0
DA:34,0
DA:38,2
DA:39,2
DA:40,2
DA:41,2
DA:42,2
DA:43,4
DA:44,2
DA:45,4
DA:47,4
DA:48,2
DA:51,8
DA:53,1
DA:54,2
DA:55,1
DA:56,2
DA:59,1
DA:63,0
DA:70,1
DA:71,1
DA:72,2
LF:32
LH:29
end_of_record
SF:lib/widgets/address_box.dart
DA:8,4
DA:12,2
DA:14,2
DA:17,2
DA:18,2
DA:19,2
DA:21,2
DA:22,1
DA:23,1
DA:25,2
DA:27,2
DA:28,2
DA:29,2
DA:30,2
DA:32,2
DA:33,2
DA:45,2
DA:46,2
DA:47,2
DA:48,2
DA:49,2
DA:53,1
DA:55,1
DA:56,4
DA:57,4
LF:25
LH:25
end_of_record
SF:lib/widgets/search_box.dart
DA:8,4
DA:12,2
DA:13,2
DA:19,2
DA:21,8
DA:22,4
DA:23,2
DA:26,2
DA:28,4
DA:29,2
DA:32,2
DA:34,2
DA:35,2
DA:36,2
DA:41,2
DA:43,2
DA:45,2
DA:47,2
DA:51,4
DA:52,2
DA:53,1
DA:54,2
DA:56,2
DA:58,4
DA:59,2
DA:63,2
DA:64,6
DA:65,2
DA:68,2
DA:69,0
DA:70,0
DA:72,0
DA:73,0
DA:75,1
DA:76,2
DA:78,1
DA:79,2
LF:37
LH:33
end_of_record
